[2025-02-19 20:42:40] ⚠️ 代币价格报警 - UNKNOWN (1Qf8gESP4i6CFNWerUSDdLKJ9U1LpqTYvjJ2MM4pain)
时间窗口: 5m0s
价格变化: -6.21%
当前价格: $19.34305912
历史价格: $20.62370165
当前价值: $139618.99
[2025-02-19 20:42:40] 代币价值报警 - UNKNOWN (1Qf8gESP4i6CFNWerUSDdLKJ9U1LpqTYvjJ2MM4pain) 5m0s内价值变化率: -6.21% (从 $148862.72 到 $139618.99)
[2025-02-19 20:43:20] ⚠️ 代币价格报警 - UNKNOWN (1Qf8gESP4i6CFNWerUSDdLKJ9U1LpqTYvjJ2MM4pain)
时间窗口: 5m0s
价格变化: -6.63%
当前价格: $19.10938188
历史价格: $20.46654620
当前价值: $137932.30
[2025-02-19 20:43:20] 代币价值报警 - UNKNOWN (1Qf8gESP4i6CFNWerUSDdLKJ9U1LpqTYvjJ2MM4pain) 5m0s内价值变化率: -6.63% (从 $147728.36 到 $137932.30)
[2025-02-19 20:43:40] ⚠️ 代币价格报警 - UNKNOWN (1Qf8gESP4i6CFNWerUSDdLKJ9U1LpqTYvjJ2MM4pain)
时间窗口: 5m0s
价格变化: -6.11%
当前价格: $19.16734433
历史价格: $20.41410920
当前价值: $138350.67
[2025-02-19 20:43:40] 代币价值报警 - UNKNOWN (1Qf8gESP4i6CFNWerUSDdLKJ9U1LpqTYvjJ2MM4pain) 5m0s内价值变化率: -6.11% (从 $147349.87 到 $138350.67)
[2025-02-19 20:44:20] ⚠️ 代币价格报警 - UNKNOWN (1Qf8gESP4i6CFNWerUSDdLKJ9U1LpqTYvjJ2MM4pain)
时间窗口: 5m0s
价格变化: -5.40%
当前价格: $18.93922770
历史价格: $20.02096666
当前价值: $136704.12
[2025-02-19 20:44:20] 代币价值报警 - UNKNOWN (1Qf8gESP4i6CFNWerUSDdLKJ9U1LpqTYvjJ2MM4pain) 5m0s内价值变化率: -5.40% (从 $144512.15 到 $136704.12)
[2025-02-19 20:48:20] 代币价值报警 - UNKNOWN (So11111111111111111111111111111111111111112) 1m0s内价值变化率: 14.11% (从 $6008897.46 到 $6856465.42)
[2025-02-19 20:48:20] 代币价值报警 - UNKNOWN (9BB6NFEcjBCtnNLFko2FqVQBq8HHM13kCyYcdQbgpump) 1m0s内价值变化率: -25.12% (从 $445986.70 到 $333943.74)
[2025-02-19 20:48:20] 代币价值报警 - UNKNOWN (EPjFWdd5AufqSSqeM2qN1xzybapC8G4wEGGkZwyTDt1v) 1m0s内价值变化率: 7.29% (从 $15177744.29 到 $16284240.56)
[2025-02-19 20:48:20] 代币价值报警 - UNKNOWN (4LLbsb5ReP3yEtYzmXewyGjcir5uXtKFURtaEUVC2AHs) 1m0s内价值变化率: -7.05% (从 $83208.41 到 $77346.20)
[2025-02-19 20:48:20] 代币价值报警 - UNKNOWN (3NZ9JMVBmGAqocybic2c7LQCJScmgsAZ6vQqTDzcqmJh) 1m0s内价值变化率: -11.51% (从 $637017.47 到 $563704.42)
[2025-02-19 20:48:20] 代币价值报警 - UNKNOWN (KENJSUYLASHUMfHyy5o4Hp2FdNqZg1AsUPhfH2kYvEP) 1m0s内价值变化率: 51.09% (从 $115439.79 到 $174415.56)
[2025-02-19 20:48:20] 代币价值报警 - UNKNOWN (USDSwr9ApdHk5bvJKMjzff41FfuX8bSxdKcR81vTwcA) 1m0s内价值变化率: 34.21% (从 $448339.82 到 $601731.06)
[2025-02-19 20:48:20] 代币价值报警 - UNKNOWN (6AJcP7wuLwmRYLBNbi825wgguaPsWzPBEHcHndpRpump) 1m0s内价值变化率: 78.21% (从 $101390.27 到 $180690.60)
[2025-02-19 20:48:20] 代币价值报警 - UNKNOWN (FeR8VBqNRSUD5NtXAj2n3j1dAHkZHfyDktKuLXD4pump) 1m0s内价值变化率: -8.79% (从 $127377.23 到 $116184.24)
[2025-02-19 20:48:20] 代币价值报警 - UNKNOWN (3iQL8BFS2vE7mww4ehAqQHAsbmRNCrPxizWAT2Zfyr9y) 1m0s内价值变化率: -43.13% (从 $121118.87 到 $68882.70)
[2025-02-19 20:48:40] 代币价值报警 - UNKNOWN (So11111111111111111111111111111111111111112) 5m0s内价值变化率: 14.13% (从 $6006762.92 到 $6855571.25)
[2025-02-19 20:48:40] 代币价值报警 - UNKNOWN (6AJcP7wuLwmRYLBNbi825wgguaPsWzPBEHcHndpRpump) 5m0s内价值变化率: 76.78% (从 $102013.69 到 $180343.08)
[2025-02-19 20:48:40] 代币价值报警 - UNKNOWN (FeR8VBqNRSUD5NtXAj2n3j1dAHkZHfyDktKuLXD4pump) 5m0s内价值变化率: -5.47% (从 $123773.47 到 $116999.98)
[2025-02-19 20:48:40] 代币价值报警 - UNKNOWN (KENJSUYLASHUMfHyy5o4Hp2FdNqZg1AsUPhfH2kYvEP) 5m0s内价值变化率: 51.13% (从 $115339.66 到 $174309.26)
[2025-02-19 20:48:40] 代币价值报警 - UNKNOWN (3iQL8BFS2vE7mww4ehAqQHAsbmRNCrPxizWAT2Zfyr9y) 5m0s内价值变化率: -43.18% (从 $121226.45 到 $68875.72)
[2025-02-19 20:48:40] 代币价值报警 - UNKNOWN (3NZ9JMVBmGAqocybic2c7LQCJScmgsAZ6vQqTDzcqmJh) 5m0s内价值变化率: -11.52% (从 $637028.93 到 $563654.65)
[2025-02-19 20:48:40] 代币价值报警 - UNKNOWN (9BB6NFEcjBCtnNLFko2FqVQBq8HHM13kCyYcdQbgpump) 5m0s内价值变化率: -24.79% (从 $444359.08 到 $334187.85)
[2025-02-19 20:48:40] 代币价值报警 - UNKNOWN (EPjFWdd5AufqSSqeM2qN1xzybapC8G4wEGGkZwyTDt1v) 5m0s内价值变化率: 7.29% (从 $15177744.29 到 $16284240.56)
[2025-02-19 20:48:40] 代币价值报警 - UNKNOWN (4LLbsb5ReP3yEtYzmXewyGjcir5uXtKFURtaEUVC2AHs) 5m0s内价值变化率: -7.07% (从 $83220.95 到 $77339.94)
[2025-02-19 20:48:40] 代币价值报警 - UNKNOWN (USDSwr9ApdHk5bvJKMjzff41FfuX8bSxdKcR81vTwcA) 5m0s内价值变化率: 34.20% (从 $448326.82 到 $601640.81)
[2025-02-19 20:50:20] 代币价值报警 - UNKNOWN (EPjFWdd5AufqSSqeM2qN1xzybapC8G4wEGGkZwyTDt1v) 5m0s内价值变化率: 7.29% (从 $15177744.29 到 $16284240.56)
[2025-02-19 20:50:20] 代币价值报警 - UNKNOWN (6AJcP7wuLwmRYLBNbi825wgguaPsWzPBEHcHndpRpump) 5m0s内价值变化率: 76.32% (从 $101675.11 到 $179269.54)
[2025-02-19 20:50:20] 代币价值报警 - UNKNOWN (8x5VqbHA8D7NkD52uNuS5nnt3PwA8pLD34ymskeSo2Wn) 5m0s内价值变化率: -5.14% (从 $173530.58 到 $164614.20)
[2025-02-19 20:50:20] 代币价值报警 - UNKNOWN (4LLbsb5ReP3yEtYzmXewyGjcir5uXtKFURtaEUVC2AHs) 5m0s内价值变化率: -7.08% (从 $83217.31 到 $77329.36)
[2025-02-19 20:50:20] 代币价值报警 - UNKNOWN (USDSwr9ApdHk5bvJKMjzff41FfuX8bSxdKcR81vTwcA) 5m0s内价值变化率: 34.20% (从 $448351.03 到 $601708.81)
[2025-02-19 20:50:20] 代币价值报警 - UNKNOWN (3NZ9JMVBmGAqocybic2c7LQCJScmgsAZ6vQqTDzcqmJh) 5m0s内价值变化率: -11.55% (从 $637149.09 到 $563581.86)
[2025-02-19 20:50:20] 代币价值报警 - UNKNOWN (9BB6NFEcjBCtnNLFko2FqVQBq8HHM13kCyYcdQbgpump) 5m0s内价值变化率: -25.31% (从 $446067.16 到 $333176.43)
[2025-02-19 20:50:20] 代币价值报警 - UNKNOWN (So11111111111111111111111111111111111111112) 5m0s内价值变化率: 14.06% (从 $6008654.71 到 $6853224.35)
[2025-02-19 20:50:20] 代币价值报警 - UNKNOWN (3iQL8BFS2vE7mww4ehAqQHAsbmRNCrPxizWAT2Zfyr9y) 5m0s内价值变化率: -43.17% (从 $121055.02 到 $68801.26)
[2025-02-19 20:50:20] 代币价值报警 - UNKNOWN (KENJSUYLASHUMfHyy5o4Hp2FdNqZg1AsUPhfH2kYvEP) 5m0s内价值变化率: 49.91% (从 $115703.63 到 $173452.22)
[2025-02-19 20:51:00] 代币价值报警 - UNKNOWN (EPjFWdd5AufqSSqeM2qN1xzybapC8G4wEGGkZwyTDt1v) 5m0s内价值变化率: 7.29% (从 $15177744.29 到 $16284240.56)
[2025-02-19 20:51:00] 代币价值报警 - UNKNOWN (So11111111111111111111111111111111111111112) 5m0s内价值变化率: 14.11% (从 $6002999.92 到 $6849972.58)
[2025-02-19 20:51:00] 代币价值报警 - UNKNOWN (KENJSUYLASHUMfHyy5o4Hp2FdNqZg1AsUPhfH2kYvEP) 5m0s内价值变化率: 50.18% (从 $115464.78 到 $173409.87)
[2025-02-19 20:51:00] 代币价值报警 - UNKNOWN (3NZ9JMVBmGAqocybic2c7LQCJScmgsAZ6vQqTDzcqmJh) 5m0s内价值变化率: -11.52% (从 $636924.79 到 $563548.55)
[2025-02-19 20:51:00] 代币价值报警 - UNKNOWN (6AJcP7wuLwmRYLBNbi825wgguaPsWzPBEHcHndpRpump) 5m0s内价值变化率: 76.87% (从 $101354.39 到 $179263.67)
[2025-02-19 20:51:00] 代币价值报警 - UNKNOWN (9BB6NFEcjBCtnNLFko2FqVQBq8HHM13kCyYcdQbgpump) 5m0s内价值变化率: -24.94% (从 $444397.57 到 $333585.41)
[2025-02-19 20:51:00] 代币价值报警 - UNKNOWN (8x5VqbHA8D7NkD52uNuS5nnt3PwA8pLD34ymskeSo2Wn) 5m0s内价值变化率: -5.14% (从 $173111.05 到 $164221.00)
[2025-02-19 20:51:00] 代币价值报警 - UNKNOWN (USDSwr9ApdHk5bvJKMjzff41FfuX8bSxdKcR81vTwcA) 5m0s内价值变化率: 34.20% (从 $448326.82 到 $601669.69)
[2025-02-19 20:51:00] 代币价值报警 - UNKNOWN (4LLbsb5ReP3yEtYzmXewyGjcir5uXtKFURtaEUVC2AHs) 5m0s内价值变化率: -7.06% (从 $83171.81 到 $77303.73)
[2025-02-19 20:51:00] 代币价值报警 - UNKNOWN (3iQL8BFS2vE7mww4ehAqQHAsbmRNCrPxizWAT2Zfyr9y) 5m0s内价值变化率: -43.13% (从 $120916.46 到 $68768.03)
[2025-02-19 20:52:20] 代币价值报警 - UNKNOWN (4LLbsb5ReP3yEtYzmXewyGjcir5uXtKFURtaEUVC2AHs) 5m0s内价值变化率: -7.10% (从 $83208.41 到 $77301.13)
[2025-02-19 20:52:20] 代币价值报警 - UNKNOWN (FeR8VBqNRSUD5NtXAj2n3j1dAHkZHfyDktKuLXD4pump) 5m0s内价值变化率: -6.22% (从 $127377.23 到 $119452.60)
[2025-02-19 20:52:20] 代币价值报警 - UNKNOWN (EPjFWdd5AufqSSqeM2qN1xzybapC8G4wEGGkZwyTDt1v) 5m0s内价值变化率: 7.29% (从 $15177744.29 到 $16284240.56)
[2025-02-19 20:52:20] 代币价值报警 - UNKNOWN (9BB6NFEcjBCtnNLFko2FqVQBq8HHM13kCyYcdQbgpump) 5m0s内价值变化率: -25.27% (从 $445986.70 到 $333285.34)
[2025-02-19 20:52:20] 代币价值报警 - UNKNOWN (3NZ9JMVBmGAqocybic2c7LQCJScmgsAZ6vQqTDzcqmJh) 5m0s内价值变化率: -11.55% (从 $637017.47 到 $563451.03)
[2025-02-19 20:52:20] 代币价值报警 - UNKNOWN (So11111111111111111111111111111111111111112) 5m0s内价值变化率: 14.02% (从 $6008897.46 到 $6851190.68)
[2025-02-19 20:52:20] 代币价值报警 - UNKNOWN (KENJSUYLASHUMfHyy5o4Hp2FdNqZg1AsUPhfH2kYvEP) 5m0s内价值变化率: 50.08% (从 $115439.79 到 $173246.86)
[2025-02-19 20:52:20] 代币价值报警 - UNKNOWN (USDSwr9ApdHk5bvJKMjzff41FfuX8bSxdKcR81vTwcA) 5m0s内价值变化率: 34.19% (从 $448339.82 到 $601611.33)
[2025-02-19 20:52:20] 代币价值报警 - UNKNOWN (6AJcP7wuLwmRYLBNbi825wgguaPsWzPBEHcHndpRpump) 5m0s内价值变化率: 75.72% (从 $101390.27 到 $178162.82)
[2025-02-19 20:52:20] 代币价值报警 - UNKNOWN (3iQL8BFS2vE7mww4ehAqQHAsbmRNCrPxizWAT2Zfyr9y) 5m0s内价值变化率: -43.31% (从 $121118.87 到 $68662.22)
[2025-02-19 20:53:00] 代币价值报警 - UNKNOWN (JUPyiwrYJFskUPiHa7hkeR8VUtAeFoSYbKedZNsDvCN) 1m0s内价值变化率: 44.63% (从 $254078.13 到 $367475.99)
[2025-02-19 20:53:00] 代币价值报警 - UNKNOWN (JUPyiwrYJFskUPiHa7hkeR8VUtAeFoSYbKedZNsDvCN) 5m0s内价值变化率: 45.44% (从 $252657.87 到 $367475.99)
[2025-02-19 20:53:00] 代币价值报警 - UNKNOWN (9BB6NFEcjBCtnNLFko2FqVQBq8HHM13kCyYcdQbgpump) 1m0s内价值变化率: -11.45% (从 $334197.47 到 $295919.99)
[2025-02-19 20:53:00] 代币价值报警 - UNKNOWN (9BB6NFEcjBCtnNLFko2FqVQBq8HHM13kCyYcdQbgpump) 5m0s内价值变化率: -11.29% (从 $333564.11 到 $295919.99)
[2025-02-19 20:53:00] 代币价值报警 - UNKNOWN (61V8vBaqAGMpgDQi4JcAwo1dmBGHsyhzodcPqnEVpump) 1m0s内价值变化率: -10.35% (从 $96361.98 到 $86388.45)
[2025-02-19 20:53:00] 代币价值报警 - UNKNOWN (61V8vBaqAGMpgDQi4JcAwo1dmBGHsyhzodcPqnEVpump) 5m0s内价值变化率: -9.86% (从 $95835.58 到 $86388.45)
[2025-02-19 20:53:00] 代币价值报警 - UNKNOWN (Dfh5DzRgSvvCFDoYc2ciTkMrbDfRKybA4SoFbPmApump) 1m0s内价值变化率: 6.39% (从 $77226.79 到 $82163.34)
[2025-02-19 20:53:00] 代币价值报警 - UNKNOWN (So11111111111111111111111111111111111111112) 1m0s内价值变化率: -7.10% (从 $6853689.24 到 $6366918.78)
[2025-02-19 20:53:00] 代币价值报警 - UNKNOWN (So11111111111111111111111111111111111111112) 5m0s内价值变化率: -7.06% (从 $6850723.41 到 $6366918.78)
[2025-02-19 20:53:00] 代币价值报警 - UNKNOWN (7GCihgDB8fe6KNjn2MYtkzZcRjQy3t9GHdC8uHYmW2hr) 1m0s内价值变化率: 7.59% (从 $454877.60 到 $489406.73)
[2025-02-19 20:53:00] 代币价值报警 - UNKNOWN (7GCihgDB8fe6KNjn2MYtkzZcRjQy3t9GHdC8uHYmW2hr) 5m0s内价值变化率: 7.15% (从 $456734.15 到 $489406.73)
[2025-02-19 20:53:20] 代币价值报警 - UNKNOWN (7GCihgDB8fe6KNjn2MYtkzZcRjQy3t9GHdC8uHYmW2hr) 1m0s内价值变化率: 7.78% (从 $454058.39 到 $489377.84)
[2025-02-19 20:53:20] 代币价值报警 - UNKNOWN (JUPyiwrYJFskUPiHa7hkeR8VUtAeFoSYbKedZNsDvCN) 1m0s内价值变化率: 44.90% (从 $253728.53 到 $367659.91)
[2025-02-19 20:53:20] 代币价值报警 - UNKNOWN (9BB6NFEcjBCtnNLFko2FqVQBq8HHM13kCyYcdQbgpump) 1m0s内价值变化率: -11.29% (从 $333285.34 到 $295668.41)
[2025-02-19 20:53:20] 代币价值报警 - UNKNOWN (So11111111111111111111111111111111111111112) 1m0s内价值变化率: -7.06% (从 $6851190.68 到 $6367633.68)
[2025-02-19 20:53:20] 代币价值报警 - UNKNOWN (Dfh5DzRgSvvCFDoYc2ciTkMrbDfRKybA4SoFbPmApump) 1m0s内价值变化率: 6.27% (从 $77260.29 到 $82104.11)
[2025-02-19 20:53:20] 代币价值报警 - UNKNOWN (61V8vBaqAGMpgDQi4JcAwo1dmBGHsyhzodcPqnEVpump) 1m0s内价值变化率: -10.26% (从 $96265.17 到 $86387.66)
[2025-02-19 20:53:40] 代币价值报警 - UNKNOWN (JUPyiwrYJFskUPiHa7hkeR8VUtAeFoSYbKedZNsDvCN) 5m0s内价值变化率: 45.26% (从 $253058.31 到 $367591.22)
[2025-02-19 20:53:40] ⚠️ 代币价格报警 - UNKNOWN (1Qf8gESP4i6CFNWerUSDdLKJ9U1LpqTYvjJ2MM4pain)
时间窗口: 5m0s
价格变化: 6.21%
当前价格: $19.87422811
历史价格: $18.71208503
当前价值: $143452.99
[2025-02-19 20:53:40] 代币价值报警 - UNKNOWN (1Qf8gESP4i6CFNWerUSDdLKJ9U1LpqTYvjJ2MM4pain) 5m0s内价值变化率: 6.21% (从 $135064.59 到 $143452.99)
[2025-02-19 20:53:40] 代币价值报警 - UNKNOWN (9BB6NFEcjBCtnNLFko2FqVQBq8HHM13kCyYcdQbgpump) 5m0s内价值变化率: -11.68% (从 $334187.85 到 $295170.30)
[2025-02-19 20:53:40] 代币价值报警 - UNKNOWN (7GCihgDB8fe6KNjn2MYtkzZcRjQy3t9GHdC8uHYmW2hr) 5m0s内价值变化率: 6.79% (从 $457202.60 到 $488264.93)
[2025-02-19 20:53:40] 代币价值报警 - UNKNOWN (Dfh5DzRgSvvCFDoYc2ciTkMrbDfRKybA4SoFbPmApump) 5m0s内价值变化率: 5.21% (从 $77889.18 到 $81948.71)
[2025-02-19 20:53:40] 代币价值报警 - UNKNOWN (So11111111111111111111111111111111111111112) 5m0s内价值变化率: -7.13% (从 $6855571.25 到 $6366827.49)
[2025-02-19 20:53:40] 代币价值报警 - UNKNOWN (61V8vBaqAGMpgDQi4JcAwo1dmBGHsyhzodcPqnEVpump) 5m0s内价值变化率: -10.00% (从 $95813.66 到 $86235.15)
[2025-02-19 20:54:00] 代币价值报警 - UNKNOWN (9BB6NFEcjBCtnNLFko2FqVQBq8HHM13kCyYcdQbgpump) 5m0s内价值变化率: -11.75% (从 $334210.49 到 $294942.37)
[2025-02-19 20:54:00] ⚠️ 代币价格报警 - UNKNOWN (1Qf8gESP4i6CFNWerUSDdLKJ9U1LpqTYvjJ2MM4pain)
时间窗口: 5m0s
价格变化: 7.31%
当前价格: $20.13038735
历史价格: $18.75949197
当前价值: $145301.95
[2025-02-19 20:54:00] 代币价值报警 - UNKNOWN (1Qf8gESP4i6CFNWerUSDdLKJ9U1LpqTYvjJ2MM4pain) 5m0s内价值变化率: 7.31% (从 $135406.78 到 $145301.95)
[2025-02-19 20:54:00] 代币价值报警 - UNKNOWN (Dfh5DzRgSvvCFDoYc2ciTkMrbDfRKybA4SoFbPmApump) 5m0s内价值变化率: 5.15% (从 $77896.72 到 $81906.83)
[2025-02-19 20:54:00] 代币价值报警 - UNKNOWN (61V8vBaqAGMpgDQi4JcAwo1dmBGHsyhzodcPqnEVpump) 5m0s内价值变化率: -10.27% (从 $96098.82 到 $86232.56)
[2025-02-19 20:54:00] 代币价值报警 - UNKNOWN (JUPyiwrYJFskUPiHa7hkeR8VUtAeFoSYbKedZNsDvCN) 5m0s内价值变化率: 45.07% (从 $253358.70 到 $367549.87)
[2025-02-19 20:54:00] 代币价值报警 - UNKNOWN (7GCihgDB8fe6KNjn2MYtkzZcRjQy3t9GHdC8uHYmW2hr) 5m0s内价值变化率: 6.84% (从 $457180.37 到 $488460.59)
[2025-02-19 20:54:00] 代币价值报警 - UNKNOWN (So11111111111111111111111111111111111111112) 5m0s内价值变化率: -7.24% (从 $6860111.75 到 $6363587.95)
[2025-02-19 20:54:40] 代币价值报警 - UNKNOWN (So11111111111111111111111111111111111111112) 5m0s内价值变化率: -7.08% (从 $6846423.17 到 $6361612.97)
[2025-02-19 20:54:40] ⚠️ 代币价格报警 - UNKNOWN (1Qf8gESP4i6CFNWerUSDdLKJ9U1LpqTYvjJ2MM4pain)
时间窗口: 5m0s
价格变化: 8.69%
当前价格: $20.29028842
历史价格: $18.66813463
当前价值: $146456.13
[2025-02-19 20:54:40] 代币价值报警 - UNKNOWN (1Qf8gESP4i6CFNWerUSDdLKJ9U1LpqTYvjJ2MM4pain) 5m0s内价值变化率: 8.69% (从 $134747.35 到 $146456.13)
[2025-02-19 20:54:40] 代币价值报警 - UNKNOWN (9BB6NFEcjBCtnNLFko2FqVQBq8HHM13kCyYcdQbgpump) 5m0s内价值变化率: -11.47% (从 $332711.66 到 $294543.03)
[2025-02-19 20:54:40] ⚠️ 代币价格报警 - UNKNOWN (AshG5mHt4y4etsjhKFb2wA2rq1XZxKks1EPzcuXwpump)
时间窗口: 5m0s
价格变化: 5.80%
当前价格: $0.01277097
历史价格: $0.01207069
当前价值: $230703.78
[2025-02-19 20:54:40] 代币价值报警 - UNKNOWN (AshG5mHt4y4etsjhKFb2wA2rq1XZxKks1EPzcuXwpump) 5m0s内价值变化率: 5.80% (从 $218053.28 到 $230703.78)
[2025-02-19 20:54:40] 代币价值报警 - UNKNOWN (7GCihgDB8fe6KNjn2MYtkzZcRjQy3t9GHdC8uHYmW2hr) 5m0s内价值变化率: 7.16% (从 $455824.16 到 $488483.72)
[2025-02-19 20:54:40] 代币价值报警 - UNKNOWN (JUPyiwrYJFskUPiHa7hkeR8VUtAeFoSYbKedZNsDvCN) 5m0s内价值变化率: 45.25% (从 $253133.34 到 $367686.96)
[2025-02-19 20:54:40] 代币价值报警 - UNKNOWN (Dfh5DzRgSvvCFDoYc2ciTkMrbDfRKybA4SoFbPmApump) 5m0s内价值变化率: 5.35% (从 $77765.71 到 $81928.17)
[2025-02-19 20:54:40] 代币价值报警 - UNKNOWN (61V8vBaqAGMpgDQi4JcAwo1dmBGHsyhzodcPqnEVpump) 5m0s内价值变化率: -9.66% (从 $95638.35 到 $86403.40)
[2025-02-19 20:55:00] ⚠️ 代币价格报警 - UNKNOWN (1Qf8gESP4i6CFNWerUSDdLKJ9U1LpqTYvjJ2MM4pain)
时间窗口: 5m0s
价格变化: 8.80%
当前价格: $20.31742629
历史价格: $18.67410659
当前价值: $146652.01
[2025-02-19 20:55:00] 代币价值报警 - UNKNOWN (1Qf8gESP4i6CFNWerUSDdLKJ9U1LpqTYvjJ2MM4pain) 5m0s内价值变化率: 8.80% (从 $134790.46 到 $146652.01)
[2025-02-19 20:55:00] 代币价值报警 - UNKNOWN (Dfh5DzRgSvvCFDoYc2ciTkMrbDfRKybA4SoFbPmApump) 5m0s内价值变化率: 5.72% (从 $77521.76 到 $81953.66)
[2025-02-19 20:55:00] 代币价值报警 - UNKNOWN (So11111111111111111111111111111111111111112) 5m0s内价值变化率: -7.10% (从 $6848613.12 到 $6362650.15)
[2025-02-19 20:55:00] ⚠️ 代币价格报警 - UNKNOWN (AshG5mHt4y4etsjhKFb2wA2rq1XZxKks1EPzcuXwpump)
时间窗口: 5m0s
价格变化: 5.62%
当前价格: $0.01273977
历史价格: $0.01206242
当前价值: $230140.09
[2025-02-19 20:55:00] 代币价值报警 - UNKNOWN (AshG5mHt4y4etsjhKFb2wA2rq1XZxKks1EPzcuXwpump) 5m0s内价值变化率: 5.62% (从 $217904.00 到 $230140.09)
[2025-02-19 20:55:00] 代币价值报警 - UNKNOWN (7GCihgDB8fe6KNjn2MYtkzZcRjQy3t9GHdC8uHYmW2hr) 5m0s内价值变化率: 7.15% (从 $456037.81 到 $488636.27)
[2025-02-19 20:55:00] 代币价值报警 - UNKNOWN (JUPyiwrYJFskUPiHa7hkeR8VUtAeFoSYbKedZNsDvCN) 5m0s内价值变化率: 45.09% (从 $253368.20 到 $367614.23)
[2025-02-19 20:55:00] 代币价值报警 - UNKNOWN (9BB6NFEcjBCtnNLFko2FqVQBq8HHM13kCyYcdQbgpump) 5m0s内价值变化率: -11.47% (从 $332817.89 到 $294638.77)
[2025-02-19 20:55:00] 代币价值报警 - UNKNOWN (61V8vBaqAGMpgDQi4JcAwo1dmBGHsyhzodcPqnEVpump) 5m0s内价值变化率: -9.32% (从 $95645.99 到 $86729.24)
[2025-02-19 20:55:40] 代币价值报警 - UNKNOWN (So11111111111111111111111111111111111111112) 5m0s内价值变化率: -7.04% (从 $6848720.59 到 $6366439.49)
[2025-02-19 20:55:40] 代币价值报警 - UNKNOWN (9BB6NFEcjBCtnNLFko2FqVQBq8HHM13kCyYcdQbgpump) 5m0s内价值变化率: -11.56% (从 $333449.75 到 $294886.56)
[2025-02-19 20:55:40] ⚠️ 代币价格报警 - UNKNOWN (AshG5mHt4y4etsjhKFb2wA2rq1XZxKks1EPzcuXwpump)
时间窗口: 5m0s
价格变化: 5.77%
当前价格: $0.01276075
历史价格: $0.01206516
当前价值: $230519.13
[2025-02-19 20:55:40] 代币价值报警 - UNKNOWN (AshG5mHt4y4etsjhKFb2wA2rq1XZxKks1EPzcuXwpump) 5m0s内价值变化率: 5.77% (从 $217953.40 到 $230519.13)
[2025-02-19 20:55:40] ⚠️ 代币价格报警 - UNKNOWN (1Qf8gESP4i6CFNWerUSDdLKJ9U1LpqTYvjJ2MM4pain)
时间窗口: 5m0s
价格变化: 9.90%
当前价格: $20.48648370
历史价格: $18.64091333
当前价值: $147872.27
[2025-02-19 20:55:40] 代币价值报警 - UNKNOWN (1Qf8gESP4i6CFNWerUSDdLKJ9U1LpqTYvjJ2MM4pain) 5m0s内价值变化率: 9.90% (从 $134550.87 到 $147872.27)
[2025-02-19 20:55:40] 代币价值报警 - UNKNOWN (JUPyiwrYJFskUPiHa7hkeR8VUtAeFoSYbKedZNsDvCN) 5m0s内价值变化率: 44.98% (从 $253814.58 到 $367980.72)
[2025-02-19 20:55:40] 代币价值报警 - UNKNOWN (61V8vBaqAGMpgDQi4JcAwo1dmBGHsyhzodcPqnEVpump) 5m0s内价值变化率: -9.44% (从 $95638.46 到 $86605.67)
[2025-02-19 20:55:40] 代币价值报警 - UNKNOWN (Dfh5DzRgSvvCFDoYc2ciTkMrbDfRKybA4SoFbPmApump) 5m0s内价值变化率: 6.11% (从 $77347.05 到 $82071.01)
[2025-02-19 20:55:40] 代币价值报警 - UNKNOWN (7GCihgDB8fe6KNjn2MYtkzZcRjQy3t9GHdC8uHYmW2hr) 5m0s内价值变化率: 7.39% (从 $455483.72 到 $489134.32)
[2025-02-19 20:56:40] ⚠️ 代币价格报警 - UNKNOWN (1Qf8gESP4i6CFNWerUSDdLKJ9U1LpqTYvjJ2MM4pain)
时间窗口: 5m0s
价格变化: 8.97%
当前价格: $20.61998596
历史价格: $18.92341698
当前价值: $148835.90
[2025-02-19 20:56:40] 代币价值报警 - UNKNOWN (1Qf8gESP4i6CFNWerUSDdLKJ9U1LpqTYvjJ2MM4pain) 5m0s内价值变化率: 8.97% (从 $136589.99 到 $148835.90)
[2025-02-19 20:56:40] ⚠️ 代币价格报警 - UNKNOWN (AshG5mHt4y4etsjhKFb2wA2rq1XZxKks1EPzcuXwpump)
时间窗口: 5m0s
价格变化: 5.54%
当前价格: $0.01284139
历史价格: $0.01216737
当前价值: $231975.76
[2025-02-19 20:56:40] 代币价值报警 - UNKNOWN (AshG5mHt4y4etsjhKFb2wA2rq1XZxKks1EPzcuXwpump) 5m0s内价值变化率: 5.54% (从 $219799.80 到 $231975.76)
[2025-02-19 20:56:40] 代币价值报警 - UNKNOWN (61V8vBaqAGMpgDQi4JcAwo1dmBGHsyhzodcPqnEVpump) 5m0s内价值变化率: -10.27% (从 $96316.19 到 $86428.38)
[2025-02-19 20:56:40] 代币价值报警 - UNKNOWN (Dfh5DzRgSvvCFDoYc2ciTkMrbDfRKybA4SoFbPmApump) 5m0s内价值变化率: 6.35% (从 $77349.23 到 $82262.66)
[2025-02-19 20:56:40] 代币价值报警 - UNKNOWN (So11111111111111111111111111111111111111112) 5m0s内价值变化率: -7.09% (从 $6854790.21 到 $6368783.81)
[2025-02-19 20:56:40] 代币价值报警 - UNKNOWN (7GCihgDB8fe6KNjn2MYtkzZcRjQy3t9GHdC8uHYmW2hr) 5m0s内价值变化率: 7.59% (从 $454937.14 到 $489467.46)
[2025-02-19 20:56:40] 代币价值报警 - UNKNOWN (JUPyiwrYJFskUPiHa7hkeR8VUtAeFoSYbKedZNsDvCN) 5m0s内价值变化率: 44.89% (从 $254176.98 到 $368274.48)
[2025-02-19 20:56:40] 代币价值报警 - UNKNOWN (9BB6NFEcjBCtnNLFko2FqVQBq8HHM13kCyYcdQbgpump) 5m0s内价值变化率: -11.65% (从 $334179.34 到 $295231.24)
[2025-02-19 20:57:00] 代币价值报警 - UNKNOWN (So11111111111111111111111111111111111111112) 5m0s内价值变化率: -7.08% (从 $6853689.24 到 $6368311.39)
[2025-02-19 20:57:00] 代币价值报警 - UNKNOWN (61V8vBaqAGMpgDQi4JcAwo1dmBGHsyhzodcPqnEVpump) 5m0s内价值变化率: -10.30% (从 $96361.98 到 $86440.82)
[2025-02-19 20:57:00] 代币价值报警 - UNKNOWN (Dfh5DzRgSvvCFDoYc2ciTkMrbDfRKybA4SoFbPmApump) 5m0s内价值变化率: 6.51% (从 $77226.79 到 $82254.32)
[2025-02-19 20:57:00] ⚠️ 代币价格报警 - UNKNOWN (1Qf8gESP4i6CFNWerUSDdLKJ9U1LpqTYvjJ2MM4pain)
时间窗口: 5m0s
价格变化: 9.67%
当前价格: $20.79084037
历史价格: $18.95808317
当前价值: $150069.13
[2025-02-19 20:57:00] 代币价值报警 - UNKNOWN (1Qf8gESP4i6CFNWerUSDdLKJ9U1LpqTYvjJ2MM4pain) 5m0s内价值变化率: 9.67% (从 $136840.21 到 $150069.13)
[2025-02-19 20:57:00] 代币价值报警 - UNKNOWN (9BB6NFEcjBCtnNLFko2FqVQBq8HHM13kCyYcdQbgpump) 5m0s内价值变化率: -11.70% (从 $334197.47 到 $295102.91)
[2025-02-19 20:57:00] 代币价值报警 - UNKNOWN (7GCihgDB8fe6KNjn2MYtkzZcRjQy3t9GHdC8uHYmW2hr) 5m0s内价值变化率: 7.65% (从 $454877.60 到 $489666.67)
[2025-02-19 20:57:00] 代币价值报警 - UNKNOWN (JUPyiwrYJFskUPiHa7hkeR8VUtAeFoSYbKedZNsDvCN) 5m0s内价值变化率: 45.01% (从 $254078.13 到 $368447.36)
[2025-02-19 20:57:00] ⚠️ 代币价格报警 - UNKNOWN (AshG5mHt4y4etsjhKFb2wA2rq1XZxKks1EPzcuXwpump)
时间窗口: 5m0s
价格变化: 5.63%
当前价格: $0.01284949
历史价格: $0.01216495
当前价值: $232122.07
[2025-02-19 20:57:00] 代币价值报警 - UNKNOWN (AshG5mHt4y4etsjhKFb2wA2rq1XZxKks1EPzcuXwpump) 5m0s内价值变化率: 5.63% (从 $219756.15 到 $232122.07)
[2025-02-19 20:57:20] 代币价值报警 - UNKNOWN (Dfh5DzRgSvvCFDoYc2ciTkMrbDfRKybA4SoFbPmApump) 5m0s内价值变化率: 6.54% (从 $77260.29 到 $82315.29)
[2025-02-19 20:57:20] ⚠️ 代币价格报警 - UNKNOWN (1Qf8gESP4i6CFNWerUSDdLKJ9U1LpqTYvjJ2MM4pain)
时间窗口: 5m0s
价格变化: 7.69%
当前价格: $20.77679033
历史价格: $19.29350814
当前价值: $149967.72
[2025-02-19 20:57:20] 代币价值报警 - UNKNOWN (1Qf8gESP4i6CFNWerUSDdLKJ9U1LpqTYvjJ2MM4pain) 5m0s内价值变化率: 7.69% (从 $139261.33 到 $149967.72)
[2025-02-19 20:57:20] 代币价值报警 - UNKNOWN (9BB6NFEcjBCtnNLFko2FqVQBq8HHM13kCyYcdQbgpump) 5m0s内价值变化率: -11.34% (从 $333285.34 到 $295478.35)
[2025-02-19 20:57:20] 代币价值报警 - UNKNOWN (So11111111111111111111111111111111111111112) 5m0s内价值变化率: -6.94% (从 $6851190.68 到 $6375561.47)
[2025-02-19 20:57:20] 代币价值报警 - UNKNOWN (JUPyiwrYJFskUPiHa7hkeR8VUtAeFoSYbKedZNsDvCN) 5m0s内价值变化率: 45.38% (从 $253728.53 到 $368866.27)
[2025-02-19 20:57:20] ⚠️ 代币价格报警 - UNKNOWN (AshG5mHt4y4etsjhKFb2wA2rq1XZxKks1EPzcuXwpump)
时间窗口: 5m0s
价格变化: 7.69%
当前价格: $0.01308104
历史价格: $0.01214655
当前价值: $236305.00
[2025-02-19 20:57:20] 代币价值报警 - UNKNOWN (AshG5mHt4y4etsjhKFb2wA2rq1XZxKks1EPzcuXwpump) 5m0s内价值变化率: 7.69% (从 $219423.75 到 $236305.00)
[2025-02-19 20:57:20] 代币价值报警 - UNKNOWN (61V8vBaqAGMpgDQi4JcAwo1dmBGHsyhzodcPqnEVpump) 5m0s内价值变化率: -10.17% (从 $96265.17 到 $86479.54)
[2025-02-19 20:57:20] 代币价值报警 - UNKNOWN (7GCihgDB8fe6KNjn2MYtkzZcRjQy3t9GHdC8uHYmW2hr) 5m0s内价值变化率: 7.94% (从 $454058.39 到 $490109.80)
[2025-02-19 20:57:40] 代币价值报警 - UNKNOWN (So11111111111111111111111111111111111111112) 5m0s内价值变化率: -7.21% (从 $6368231.44 到 $5908837.24)
[2025-02-19 20:57:40] 代币价值报警 - UNKNOWN (9BB6NFEcjBCtnNLFko2FqVQBq8HHM13kCyYcdQbgpump) 5m0s内价值变化率: 70.81% (从 $295872.81 到 $505376.19)
[2025-02-19 20:57:40] ⚠️ 代币价格报警 - UNKNOWN (AshG5mHt4y4etsjhKFb2wA2rq1XZxKks1EPzcuXwpump)
时间窗口: 5m0s
价格变化: 9.60%
当前价格: $0.01331177
历史价格: $0.01214623
当前价值: $240473.15
[2025-02-19 20:57:40] 代币价值报警 - UNKNOWN (AshG5mHt4y4etsjhKFb2wA2rq1XZxKks1EPzcuXwpump) 5m0s内价值变化率: 9.60% (从 $219417.97 到 $240473.15)
[2025-02-19 20:57:40] 代币价值报警 - UNKNOWN (7GCihgDB8fe6KNjn2MYtkzZcRjQy3t9GHdC8uHYmW2hr) 5m0s内价值变化率: 8.33% (从 $489990.85 到 $530829.93)
[2025-02-19 20:57:40] ⚠️ 代币价格报警 - UNKNOWN (1Qf8gESP4i6CFNWerUSDdLKJ9U1LpqTYvjJ2MM4pain)
时间窗口: 5m0s
价格变化: 7.34%
当前价格: $20.82202503
历史价格: $19.39828357
当前价值: $150294.22
[2025-02-19 20:57:40] 代币价值报警 - UNKNOWN (1Qf8gESP4i6CFNWerUSDdLKJ9U1LpqTYvjJ2MM4pain) 5m0s内价值变化率: 7.34% (从 $140017.60 到 $150294.22)
[2025-02-19 20:58:01] ⚠️ 代币价格报警 - UNKNOWN (1Qf8gESP4i6CFNWerUSDdLKJ9U1LpqTYvjJ2MM4pain)
时间窗口: 5m0s
价格变化: 6.18%
当前价格: $20.86769790
历史价格: $19.65285307
当前价值: $150623.89
[2025-02-19 20:58:01] 代币价值报警 - UNKNOWN (1Qf8gESP4i6CFNWerUSDdLKJ9U1LpqTYvjJ2MM4pain) 5m0s内价值变化率: 6.18% (从 $141855.09 到 $150623.89)
[2025-02-19 20:58:01] ⚠️ 代币价格报警 - UNKNOWN (H1NPJkh3KUJGbpjkyQD5qG1nrpFW7tHiqek5SAbMpump)
时间窗口: 1m0s
价格变化: 5.09%
当前价格: $0.00654167
历史价格: $0.00622501
当前价值: $144201.79
[2025-02-19 20:58:01] 代币价值报警 - UNKNOWN (H1NPJkh3KUJGbpjkyQD5qG1nrpFW7tHiqek5SAbMpump) 1m0s内价值变化率: 5.09% (从 $137221.43 到 $144201.79)
[2025-02-19 20:58:01] ⚠️ 代币价格报警 - UNKNOWN (H1NPJkh3KUJGbpjkyQD5qG1nrpFW7tHiqek5SAbMpump)
时间窗口: 5m0s
价格变化: 5.80%
当前价格: $0.00654167
历史价格: $0.00618324
当前价值: $144201.79
[2025-02-19 20:58:01] 代币价值报警 - UNKNOWN (H1NPJkh3KUJGbpjkyQD5qG1nrpFW7tHiqek5SAbMpump) 5m0s内价值变化率: 5.80% (从 $136300.67 到 $144201.79)
[2025-02-19 20:58:01] 代币价值报警 - UNKNOWN (7GCihgDB8fe6KNjn2MYtkzZcRjQy3t9GHdC8uHYmW2hr) 1m0s内价值变化率: 8.38% (从 $489666.67 到 $530702.66)
[2025-02-19 20:58:01] 代币价值报警 - UNKNOWN (7GCihgDB8fe6KNjn2MYtkzZcRjQy3t9GHdC8uHYmW2hr) 5m0s内价值变化率: 8.44% (从 $489406.73 到 $530702.66)
[2025-02-19 20:58:01] ⚠️ 代币价格报警 - UNKNOWN (AshG5mHt4y4etsjhKFb2wA2rq1XZxKks1EPzcuXwpump)
时间窗口: 5m0s
价格变化: 8.22%
当前价格: $0.01314341
历史价格: $0.01214465
当前价值: $237431.67
[2025-02-19 20:58:01] 代币价值报警 - UNKNOWN (AshG5mHt4y4etsjhKFb2wA2rq1XZxKks1EPzcuXwpump) 5m0s内价值变化率: 8.22% (从 $219389.38 到 $237431.67)
[2025-02-19 20:58:01] 代币价值报警 - UNKNOWN (So11111111111111111111111111111111111111112) 1m0s内价值变化率: -7.21% (从 $6368311.39 到 $5909388.70)
[2025-02-19 20:58:01] 代币价值报警 - UNKNOWN (So11111111111111111111111111111111111111112) 5m0s内价值变化率: -7.19% (从 $6366918.78 到 $5909388.70)
[2025-02-19 20:58:01] 代币价值报警 - UNKNOWN (9BB6NFEcjBCtnNLFko2FqVQBq8HHM13kCyYcdQbgpump) 1m0s内价值变化率: 71.14% (从 $295102.91 到 $505051.84)
[2025-02-19 20:58:01] 代币价值报警 - UNKNOWN (9BB6NFEcjBCtnNLFko2FqVQBq8HHM13kCyYcdQbgpump) 5m0s内价值变化率: 70.67% (从 $295919.99 到 $505051.84)
[2025-02-19 20:58:20] ⚠️ 代币价格报警 - UNKNOWN (AshG5mHt4y4etsjhKFb2wA2rq1XZxKks1EPzcuXwpump)
时间窗口: 5m0s
价格变化: 7.31%
当前价格: $0.01303473
历史价格: $0.01214708
当前价值: $235468.38
[2025-02-19 20:58:20] 代币价值报警 - UNKNOWN (AshG5mHt4y4etsjhKFb2wA2rq1XZxKks1EPzcuXwpump) 5m0s内价值变化率: 7.31% (从 $219433.33 到 $235468.38)
[2025-02-19 20:58:20] 代币价值报警 - UNKNOWN (So11111111111111111111111111111111111111112) 1m0s内价值变化率: -7.37% (从 $6375561.47 到 $5905413.33)
[2025-02-19 20:58:20] 代币价值报警 - UNKNOWN (So11111111111111111111111111111111111111112) 5m0s内价值变化率: -7.26% (从 $6367633.68 到 $5905413.33)
[2025-02-19 20:58:20] 代币价值报警 - UNKNOWN (9BB6NFEcjBCtnNLFko2FqVQBq8HHM13kCyYcdQbgpump) 1m0s内价值变化率: 70.74% (从 $295478.35 到 $504508.26)
[2025-02-19 20:58:20] 代币价值报警 - UNKNOWN (9BB6NFEcjBCtnNLFko2FqVQBq8HHM13kCyYcdQbgpump) 5m0s内价值变化率: 70.63% (从 $295668.41 到 $504508.26)
[2025-02-19 20:58:20] ⚠️ 代币价格报警 - UNKNOWN (1Qf8gESP4i6CFNWerUSDdLKJ9U1LpqTYvjJ2MM4pain)
时间窗口: 5m0s
价格变化: 5.55%
当前价格: $20.81338792
历史价格: $19.71840094
当前价值: $150231.88
[2025-02-19 20:58:20] 代币价值报警 - UNKNOWN (1Qf8gESP4i6CFNWerUSDdLKJ9U1LpqTYvjJ2MM4pain) 5m0s内价值变化率: 5.55% (从 $142328.22 到 $150231.88)
[2025-02-19 20:58:20] 代币价值报警 - UNKNOWN (7GCihgDB8fe6KNjn2MYtkzZcRjQy3t9GHdC8uHYmW2hr) 1m0s内价值变化率: 8.16% (从 $490109.80 到 $530080.40)
[2025-02-19 20:58:20] 代币价值报警 - UNKNOWN (7GCihgDB8fe6KNjn2MYtkzZcRjQy3t9GHdC8uHYmW2hr) 5m0s内价值变化率: 8.32% (从 $489377.84 到 $530080.40)
[2025-02-19 20:59:20] 代币价值报警 - UNKNOWN (7GCihgDB8fe6KNjn2MYtkzZcRjQy3t9GHdC8uHYmW2hr) 5m0s内价值变化率: 8.71% (从 $488666.99 到 $531251.23)
[2025-02-19 20:59:20] 代币价值报警 - UNKNOWN (9BB6NFEcjBCtnNLFko2FqVQBq8HHM13kCyYcdQbgpump) 5m0s内价值变化率: 71.27% (从 $294873.08 到 $505028.50)
[2025-02-19 20:59:20] 代币价值报警 - UNKNOWN (So11111111111111111111111111111111111111112) 5m0s内价值变化率: -7.08% (从 $6364117.12 到 $5913473.09)
[2025-02-19 20:59:40] 代币价值报警 - UNKNOWN (So11111111111111111111111111111111111111112) 5m0s内价值变化率: -7.08% (从 $6361612.97 到 $5910988.08)
[2025-02-19 20:59:40] 代币价值报警 - UNKNOWN (9BB6NFEcjBCtnNLFko2FqVQBq8HHM13kCyYcdQbgpump) 5m0s内价值变化率: 71.47% (从 $294543.03 到 $505067.60)
[2025-02-19 20:59:40] ⚠️ 代币价格报警 - UNKNOWN (H1NPJkh3KUJGbpjkyQD5qG1nrpFW7tHiqek5SAbMpump)
时间窗口: 5m0s
价格变化: 5.87%
当前价格: $0.00658335
历史价格: $0.00621845
当前价值: $145120.58
[2025-02-19 20:59:40] 代币价值报警 - UNKNOWN (H1NPJkh3KUJGbpjkyQD5qG1nrpFW7tHiqek5SAbMpump) 5m0s内价值变化率: 5.87% (从 $137076.75 到 $145120.58)
[2025-02-19 20:59:40] 代币价值报警 - UNKNOWN (7GCihgDB8fe6KNjn2MYtkzZcRjQy3t9GHdC8uHYmW2hr) 5m0s内价值变化率: 8.75% (从 $488483.72 到 $531241.30)
[2025-02-19 21:00:40] 代币价值报警 - UNKNOWN (So11111111111111111111111111111111111111112) 5m0s内价值变化率: -7.17% (从 $6366439.49 到 $5910202.61)
[2025-02-19 21:00:40] 代币价值报警 - UNKNOWN (7GCihgDB8fe6KNjn2MYtkzZcRjQy3t9GHdC8uHYmW2hr) 5m0s内价值变化率: 8.79% (从 $489134.32 到 $532118.62)
[2025-02-19 21:00:40] 代币价值报警 - UNKNOWN (9BB6NFEcjBCtnNLFko2FqVQBq8HHM13kCyYcdQbgpump) 5m0s内价值变化率: 71.46% (从 $294886.56 到 $505613.04)
[2025-02-19 21:00:40] ⚠️ 代币价格报警 - UNKNOWN (H1NPJkh3KUJGbpjkyQD5qG1nrpFW7tHiqek5SAbMpump)
时间窗口: 5m0s
价格变化: 5.46%
当前价格: $0.00656273
历史价格: $0.00622319
当前价值: $144666.00
[2025-02-19 21:00:40] 代币价值报警 - UNKNOWN (H1NPJkh3KUJGbpjkyQD5qG1nrpFW7tHiqek5SAbMpump) 5m0s内价值变化率: 5.46% (从 $137181.23 到 $144666.00)
[2025-02-19 21:01:20] ⚠️ 代币价格报警 - UNKNOWN (H1NPJkh3KUJGbpjkyQD5qG1nrpFW7tHiqek5SAbMpump)
时间窗口: 5m0s
价格变化: 5.85%
当前价格: $0.00658452
历史价格: $0.00622043
当前价值: $145146.36
[2025-02-19 21:01:20] 代币价值报警 - UNKNOWN (H1NPJkh3KUJGbpjkyQD5qG1nrpFW7tHiqek5SAbMpump) 5m0s内价值变化率: 5.85% (从 $137120.40 到 $145146.36)
[2025-02-19 21:01:20] 代币价值报警 - UNKNOWN (9BB6NFEcjBCtnNLFko2FqVQBq8HHM13kCyYcdQbgpump) 5m0s内价值变化率: 70.91% (从 $294967.59 到 $504136.20)
[2025-02-19 21:01:20] 代币价值报警 - UNKNOWN (So11111111111111111111111111111111111111112) 5m0s内价值变化率: -7.25% (从 $6363623.58 到 $5902539.10)
[2025-02-19 21:01:20] 代币价值报警 - UNKNOWN (7GCihgDB8fe6KNjn2MYtkzZcRjQy3t9GHdC8uHYmW2hr) 5m0s内价值变化率: 8.42% (从 $489160.24 到 $530347.50)
[2025-02-19 21:02:00] 代币价值报警 - UNKNOWN (So11111111111111111111111111111111111111112) 5m0s内价值变化率: -7.29% (从 $6368311.39 到 $5903747.66)
[2025-02-19 21:02:00] 代币价值报警 - UNKNOWN (7GCihgDB8fe6KNjn2MYtkzZcRjQy3t9GHdC8uHYmW2hr) 5m0s内价值变化率: 8.12% (从 $489666.67 到 $529417.61)
[2025-02-19 21:02:00] 代币价值报警 - UNKNOWN (9BB6NFEcjBCtnNLFko2FqVQBq8HHM13kCyYcdQbgpump) 5m0s内价值变化率: 69.56% (从 $295102.91 到 $500365.24)
[2025-02-19 21:02:00] ⚠️ 代币价格报警 - UNKNOWN (H1NPJkh3KUJGbpjkyQD5qG1nrpFW7tHiqek5SAbMpump)
时间窗口: 5m0s
价格变化: 5.79%
当前价格: $0.00658574
历史价格: $0.00622501
当前价值: $145173.24
[2025-02-19 21:02:00] 代币价值报警 - UNKNOWN (H1NPJkh3KUJGbpjkyQD5qG1nrpFW7tHiqek5SAbMpump) 5m0s内价值变化率: 5.79% (从 $137221.43 到 $145173.24)
[2025-02-19 21:02:40] 代币价值报警 - UNKNOWN (9BB6NFEcjBCtnNLFko2FqVQBq8HHM13kCyYcdQbgpump) 5m0s内价值变化率: -12.95% (从 $505376.19 到 $439953.77)
[2025-02-19 21:02:40] 代币价值报警 - UNKNOWN (61V8vBaqAGMpgDQi4JcAwo1dmBGHsyhzodcPqnEVpump) 5m0s内价值变化率: 34.64% (从 $86792.26 到 $116857.53)
[2025-02-19 21:02:40] 代币价值报警 - UNKNOWN (JUPyiwrYJFskUPiHa7hkeR8VUtAeFoSYbKedZNsDvCN) 5m0s内价值变化率: -5.22% (从 $381001.55 到 $361097.06)
[2025-02-19 21:02:40] ⚠️ 代币价格报警 - UNKNOWN (H1NPJkh3KUJGbpjkyQD5qG1nrpFW7tHiqek5SAbMpump)
时间窗口: 5m0s
价格变化: 5.67%
当前价格: $0.00658372
历史价格: $0.00623021
当前价值: $145128.61
[2025-02-19 21:02:40] 代币价值报警 - UNKNOWN (H1NPJkh3KUJGbpjkyQD5qG1nrpFW7tHiqek5SAbMpump) 5m0s内价值变化率: 5.67% (从 $137336.13 到 $145128.61)
[2025-02-19 21:03:20] 代币价值报警 - UNKNOWN (61V8vBaqAGMpgDQi4JcAwo1dmBGHsyhzodcPqnEVpump) 1m0s内价值变化率: 34.88% (从 $86972.66 到 $117310.63)
[2025-02-19 21:03:20] 代币价值报警 - UNKNOWN (61V8vBaqAGMpgDQi4JcAwo1dmBGHsyhzodcPqnEVpump) 5m0s内价值变化率: 35.87% (从 $86339.53 到 $117310.63)
[2025-02-19 21:03:20] 代币价值报警 - UNKNOWN (6AJcP7wuLwmRYLBNbi825wgguaPsWzPBEHcHndpRpump) 5m0s内价值变化率: -5.19% (从 $180000.97 到 $170656.52)
[2025-02-19 21:03:20] 代币价值报警 - UNKNOWN (9BB6NFEcjBCtnNLFko2FqVQBq8HHM13kCyYcdQbgpump) 1m0s内价值变化率: -11.76% (从 $500378.92 到 $441542.01)
[2025-02-19 21:03:20] 代币价值报警 - UNKNOWN (9BB6NFEcjBCtnNLFko2FqVQBq8HHM13kCyYcdQbgpump) 5m0s内价值变化率: -12.48% (从 $504508.26 到 $441542.01)
[2025-02-19 21:03:20] 代币价值报警 - UNKNOWN (JUPyiwrYJFskUPiHa7hkeR8VUtAeFoSYbKedZNsDvCN) 5m0s内价值变化率: -5.15% (从 $381043.36 到 $361404.90)
[2025-02-19 21:04:00] 代币价值报警 - UNKNOWN (9BB6NFEcjBCtnNLFko2FqVQBq8HHM13kCyYcdQbgpump) 5m0s内价值变化率: -12.44% (从 $504457.92 到 $441689.65)
[2025-02-19 21:04:00] 代币价值报警 - UNKNOWN (JUPyiwrYJFskUPiHa7hkeR8VUtAeFoSYbKedZNsDvCN) 5m0s内价值变化率: -5.15% (从 $381081.09 到 $361465.01)
[2025-02-19 21:04:00] 代币价值报警 - UNKNOWN (61V8vBaqAGMpgDQi4JcAwo1dmBGHsyhzodcPqnEVpump) 5m0s内价值变化率: 36.77% (从 $86355.83 到 $118108.85)
[2025-02-19 21:05:00] 代币价值报警 - UNKNOWN (9BB6NFEcjBCtnNLFko2FqVQBq8HHM13kCyYcdQbgpump) 5m0s内价值变化率: -12.37% (从 $505037.07 到 $442576.28)
[2025-02-19 21:05:00] 代币价值报警 - UNKNOWN (6AJcP7wuLwmRYLBNbi825wgguaPsWzPBEHcHndpRpump) 5m0s内价值变化率: -5.06% (从 $180211.52 到 $171097.32)
[2025-02-19 21:05:00] 代币价值报警 - UNKNOWN (61V8vBaqAGMpgDQi4JcAwo1dmBGHsyhzodcPqnEVpump) 5m0s内价值变化率: 36.72% (从 $86297.30 到 $117982.85)
[2025-02-19 21:05:20] 代币价值报警 - UNKNOWN (61V8vBaqAGMpgDQi4JcAwo1dmBGHsyhzodcPqnEVpump) 5m0s内价值变化率: 36.65% (从 $86268.54 到 $117887.32)
[2025-02-19 21:05:20] 代币价值报警 - UNKNOWN (9BB6NFEcjBCtnNLFko2FqVQBq8HHM13kCyYcdQbgpump) 5m0s内价值变化率: -12.43% (从 $505377.30 到 $442578.45)
[2025-02-19 21:05:20] 代币价值报警 - UNKNOWN (6AJcP7wuLwmRYLBNbi825wgguaPsWzPBEHcHndpRpump) 5m0s内价值变化率: -5.17% (从 $179997.55 到 $170693.61)
[2025-02-19 21:07:40] 代币价值报警 - UNKNOWN (9BB6NFEcjBCtnNLFko2FqVQBq8HHM13kCyYcdQbgpump) 1m0s内价值变化率: -23.39% (从 $441072.69 到 $337902.03)
[2025-02-19 21:07:40] 代币价值报警 - UNKNOWN (9BB6NFEcjBCtnNLFko2FqVQBq8HHM13kCyYcdQbgpump) 5m0s内价值变化率: -23.20% (从 $439953.77 到 $337902.03)
[2025-02-19 21:07:40] 代币价值报警 - UNKNOWN (6AJcP7wuLwmRYLBNbi825wgguaPsWzPBEHcHndpRpump) 1m0s内价值变化率: 7.91% (从 $171077.43 到 $184603.79)
[2025-02-19 21:07:40] 代币价值报警 - UNKNOWN (6AJcP7wuLwmRYLBNbi825wgguaPsWzPBEHcHndpRpump) 5m0s内价值变化率: 7.48% (从 $171754.87 到 $184603.79)
[2025-02-19 21:07:40] 代币价值报警 - UNKNOWN (4LLbsb5ReP3yEtYzmXewyGjcir5uXtKFURtaEUVC2AHs) 1m0s内价值变化率: 5.60% (从 $77386.34 到 $81720.66)
[2025-02-19 21:07:40] 代币价值报警 - UNKNOWN (4LLbsb5ReP3yEtYzmXewyGjcir5uXtKFURtaEUVC2AHs) 5m0s内价值变化率: 5.65% (从 $77351.11 到 $81720.66)
[2025-02-19 21:07:40] 代币价值报警 - UNKNOWN (61V8vBaqAGMpgDQi4JcAwo1dmBGHsyhzodcPqnEVpump) 1m0s内价值变化率: 5.81% (从 $118163.76 到 $125033.24)
[2025-02-19 21:07:40] 代币价值报警 - UNKNOWN (61V8vBaqAGMpgDQi4JcAwo1dmBGHsyhzodcPqnEVpump) 5m0s内价值变化率: 7.00% (从 $116857.53 到 $125033.24)
[2025-02-19 21:08:00] 代币价值报警 - UNKNOWN (9BB6NFEcjBCtnNLFko2FqVQBq8HHM13kCyYcdQbgpump) 1m0s内价值变化率: -23.42% (从 $441329.58 到 $337958.83)
[2025-02-19 21:08:00] 代币价值报警 - UNKNOWN (9BB6NFEcjBCtnNLFko2FqVQBq8HHM13kCyYcdQbgpump) 5m0s内价值变化率: -23.24% (从 $440255.59 到 $337958.83)
[2025-02-19 21:08:00] 代币价值报警 - UNKNOWN (61V8vBaqAGMpgDQi4JcAwo1dmBGHsyhzodcPqnEVpump) 1m0s内价值变化率: 5.96% (从 $118368.29 到 $125425.79)
[2025-02-19 21:08:00] 代币价值报警 - UNKNOWN (61V8vBaqAGMpgDQi4JcAwo1dmBGHsyhzodcPqnEVpump) 5m0s内价值变化率: 7.40% (从 $116784.97 到 $125425.79)
[2025-02-19 21:08:00] 代币价值报警 - UNKNOWN (4LLbsb5ReP3yEtYzmXewyGjcir5uXtKFURtaEUVC2AHs) 1m0s内价值变化率: 5.54% (从 $77419.94 到 $81707.74)
[2025-02-19 21:08:00] 代币价值报警 - UNKNOWN (4LLbsb5ReP3yEtYzmXewyGjcir5uXtKFURtaEUVC2AHs) 5m0s内价值变化率: 5.65% (从 $77336.83 到 $81707.74)
[2025-02-19 21:08:00] 代币价值报警 - UNKNOWN (6AJcP7wuLwmRYLBNbi825wgguaPsWzPBEHcHndpRpump) 1m0s内价值变化率: 7.80% (从 $171386.31 到 $184752.34)
[2025-02-19 21:08:00] 代币价值报警 - UNKNOWN (6AJcP7wuLwmRYLBNbi825wgguaPsWzPBEHcHndpRpump) 5m0s内价值变化率: 8.17% (从 $170803.28 到 $184752.34)
[2025-02-19 21:08:20] 代币价值报警 - UNKNOWN (9BB6NFEcjBCtnNLFko2FqVQBq8HHM13kCyYcdQbgpump) 1m0s内价值变化率: -23.28% (从 $441121.40 到 $338431.64)
[2025-02-19 21:08:20] 代币价值报警 - UNKNOWN (61V8vBaqAGMpgDQi4JcAwo1dmBGHsyhzodcPqnEVpump) 1m0s内价值变化率: 6.27% (从 $118362.54 到 $125788.36)
[2025-02-19 21:08:20] 代币价值报警 - UNKNOWN (6AJcP7wuLwmRYLBNbi825wgguaPsWzPBEHcHndpRpump) 1m0s内价值变化率: 7.97% (从 $171283.32 到 $184937.94)
[2025-02-19 21:08:20] 代币价值报警 - UNKNOWN (4LLbsb5ReP3yEtYzmXewyGjcir5uXtKFURtaEUVC2AHs) 1m0s内价值变化率: 5.64% (从 $77412.96 到 $81775.21)
[2025-02-19 21:08:40] 代币价值报警 - UNKNOWN (9BB6NFEcjBCtnNLFko2FqVQBq8HHM13kCyYcdQbgpump) 5m0s内价值变化率: -23.35% (从 $441035.46 到 $338033.34)
[2025-02-19 21:08:40] 代币价值报警 - UNKNOWN (6AJcP7wuLwmRYLBNbi825wgguaPsWzPBEHcHndpRpump) 5m0s内价值变化率: 8.35% (从 $170560.11 到 $184795.75)
[2025-02-19 21:08:40] 代币价值报警 - UNKNOWN (61V8vBaqAGMpgDQi4JcAwo1dmBGHsyhzodcPqnEVpump) 5m0s内价值变化率: 6.66% (从 $117752.36 到 $125590.83)
[2025-02-19 21:08:40] 代币价值报警 - UNKNOWN (4LLbsb5ReP3yEtYzmXewyGjcir5uXtKFURtaEUVC2AHs) 5m0s内价值变化率: 5.64% (从 $77372.42 到 $81733.36)
[2025-02-19 21:09:00] 代币价值报警 - UNKNOWN (6AJcP7wuLwmRYLBNbi825wgguaPsWzPBEHcHndpRpump) 5m0s内价值变化率: 8.22% (从 $170707.36 到 $184731.19)
[2025-02-19 21:09:00] 代币价值报警 - UNKNOWN (4LLbsb5ReP3yEtYzmXewyGjcir5uXtKFURtaEUVC2AHs) 5m0s内价值变化率: 5.44% (从 $77433.24 到 $81646.61)
[2025-02-19 21:09:00] 代币价值报警 - UNKNOWN (61V8vBaqAGMpgDQi4JcAwo1dmBGHsyhzodcPqnEVpump) 5m0s内价值变化率: 6.27% (从 $118108.85 到 $125514.61)
[2025-02-19 21:09:00] 代币价值报警 - UNKNOWN (9BB6NFEcjBCtnNLFko2FqVQBq8HHM13kCyYcdQbgpump) 5m0s内价值变化率: -23.49% (从 $441689.65 到 $337915.08)
[2025-02-19 21:09:20] 代币价值报警 - UNKNOWN (6AJcP7wuLwmRYLBNbi825wgguaPsWzPBEHcHndpRpump) 5m0s内价值变化率: 7.97% (从 $171141.12 到 $184783.47)
[2025-02-19 21:09:20] 代币价值报警 - UNKNOWN (61V8vBaqAGMpgDQi4JcAwo1dmBGHsyhzodcPqnEVpump) 5m0s内价值变化率: 6.66% (从 $117784.87 到 $125627.24)
[2025-02-19 21:09:20] 代币价值报警 - UNKNOWN (4LLbsb5ReP3yEtYzmXewyGjcir5uXtKFURtaEUVC2AHs) 5m0s内价值变化率: 5.53% (从 $77408.21 到 $81686.53)
[2025-02-19 21:09:20] 代币价值报警 - UNKNOWN (9BB6NFEcjBCtnNLFko2FqVQBq8HHM13kCyYcdQbgpump) 5m0s内价值变化率: -23.47% (从 $441938.71 到 $338218.16)
[2025-02-19 21:09:40] 代币价值报警 - UNKNOWN (61V8vBaqAGMpgDQi4JcAwo1dmBGHsyhzodcPqnEVpump) 5m0s内价值变化率: 6.46% (从 $117719.93 到 $125327.92)
[2025-02-19 21:09:40] 代币价值报警 - UNKNOWN (6AJcP7wuLwmRYLBNbi825wgguaPsWzPBEHcHndpRpump) 5m0s内价值变化率: 7.85% (从 $170899.18 到 $184312.83)
[2025-02-19 21:09:40] 代币价值报警 - UNKNOWN (4LLbsb5ReP3yEtYzmXewyGjcir5uXtKFURtaEUVC2AHs) 5m0s内价值变化率: 5.48% (从 $77388.11 到 $81625.67)
[2025-02-19 21:09:40] 代币价值报警 - UNKNOWN (9BB6NFEcjBCtnNLFko2FqVQBq8HHM13kCyYcdQbgpump) 5m0s内价值变化率: -23.74% (从 $442414.94 到 $337380.62)
